<?xml version="1.0" encoding="UTF-8"?>
<!-- Generated by org.testng.reporters.JUnitXMLReporter -->
<testsuite hostname="COL011022605" ignored="0" name="AccountsPage Test" tests="5" failures="0" timestamp="21 Dec 2020 05:00:27 GMT" time="271.331" errors="0">
  <testcase name="verifyAccountsPageHeaderTest" time="21.238" classname="com.qa.hubspot.tests.AccountsPageTest"/>
  <testcase name="accountsPageTitleTest" time="4.97" classname="com.qa.hubspot.tests.AccountsPageTest"/>
  <testcase name="verifyMyAccountSectionsCountTest" time="2.568" classname="com.qa.hubspot.tests.AccountsPageTest"/>
  <testcase name="verifyMyAccountSectionsListTest" time="4.436" classname="com.qa.hubspot.tests.AccountsPageTest"/>
  <testcase name="searchTest" time="49.162" classname="com.qa.hubspot.tests.AccountsPageTest"/>
</testsuite> <!-- AccountsPage Test -->
