<?xml version="1.0" encoding="UTF-8"?>
<!-- Generated by org.testng.reporters.JUnitXMLReporter -->
<testsuite hostname="COL011022605" ignored="0" name="ProductInfoPage Test" tests="3" failures="0" timestamp="21 Dec 2020 05:02:33 GMT" time="397.325" errors="0">
  <testcase name="ProductInforPageTitleTest_iMac" time="99.847" classname="com.qa.hubspot.tests.ProductInfoTest"/>
  <testcase name="verifyProductInfoTest_MacBook" time="53.718" classname="com.qa.hubspot.tests.ProductInfoTest"/>
  <testcase name="verifyProductInfoTest_iMac" time="56.4" classname="com.qa.hubspot.tests.ProductInfoTest"/>
</testsuite> <!-- ProductInfoPage Test -->
